2015-05-28 13:16:44 INFO  Main:28 - It is a simple test program

2015-05-28 13:16:44 INFO  Main:29 - Lets try to create directed graph and get path from it
2015-05-28 13:16:45 DEBUG GraphFactory:39 - Graph has been initialized type = com.pkokoshnikov.graph.DirectedGraph
2015-05-28 13:16:45 INFO  Main:36 - DirectedGraph has been created
DirectedGraph{graphDataStructure=AdjacencyListDataStructure{
vertices=[NumberVertex{number=0}, NumberVertex{number=1}, NumberVertex{number=2}, NumberVertex{number=3}, NumberVertex{number=4}, NumberVertex{number=5}, NumberVertex{number=6}, NumberVertex{number=7}, NumberVertex{number=8}],
edges=[DirectedEdge{start=NumberVertex{number=0}, end=NumberVertex{number=7}}, DirectedEdge{start=NumberVertex{number=1}, end=NumberVertex{number=0}}, DirectedEdge{start=NumberVertex{number=0}, end=NumberVertex{number=2}}, DirectedEdge{start=NumberVertex{number=0}, end=NumberVertex{number=3}}, DirectedEdge{start=NumberVertex{number=2}, end=NumberVertex{number=4}}, DirectedEdge{start=NumberVertex{number=2}, end=NumberVertex{number=5}}, DirectedEdge{start=NumberVertex{number=2}, end=NumberVertex{number=0}}, DirectedEdge{start=NumberVertex{number=4}, end=NumberVertex{number=6}}, DirectedEdge{start=NumberVertex{number=4}, end=NumberVertex{number=7}}, DirectedEdge{start=NumberVertex{number=6}, end=NumberVertex{number=0}}, DirectedEdge{start=NumberVertex{number=6}, end=NumberVertex{number=8}}, DirectedEdge{start=NumberVertex{number=8}, end=NumberVertex{number=1}}]}}

2015-05-28 13:16:45 INFO  Main:38 - Now lets try to get path
2015-05-28 13:16:45 INFO  Main:66 - method getAdjacencyList is called from extended DirectedAdjacencyListDataStructure
2015-05-28 13:16:45 INFO  Main:66 - method getAdjacencyList is called from extended DirectedAdjacencyListDataStructure
2015-05-28 13:16:45 INFO  Main:66 - method getAdjacencyList is called from extended DirectedAdjacencyListDataStructure
2015-05-28 13:16:45 INFO  Main:66 - method getAdjacencyList is called from extended DirectedAdjacencyListDataStructure
2015-05-28 13:16:45 INFO  Main:66 - method getAdjacencyList is called from extended DirectedAdjacencyListDataStructure
2015-05-28 13:16:45 INFO  Main:66 - method getAdjacencyList is called from extended DirectedAdjacencyListDataStructure
2015-05-28 13:16:45 INFO  Main:66 - method getAdjacencyList is called from extended DirectedAdjacencyListDataStructure
2015-05-28 13:16:45 INFO  Main:39 - We've found path [NumberVertex{number=0}, NumberVertex{number=2}, NumberVertex{number=4}, NumberVertex{number=6}, NumberVertex{number=8}, NumberVertex{number=1}]

2015-05-28 13:16:45 INFO  Main:41 - Lets try to create undirected graph and get path from it
2015-05-28 13:16:45 DEBUG GraphFactory:39 - Graph has been initialized type = com.pkokoshnikov.graph.UndirectedGraph
2015-05-28 13:16:45 INFO  Main:54 - UndirectedGraph has been created
UndirectedGraph{graphDataStructure=AdjacencyListDataStructure{
vertices=[NumberVertex{number=0}, NumberVertex{number=1}, NumberVertex{number=2}, NumberVertex{number=3}, NumberVertex{number=4}, NumberVertex{number=5}, NumberVertex{number=6}, NumberVertex{number=7}, NumberVertex{number=8}],
edges=[UndirectedEdge{u=NumberVertex{number=1}, v=NumberVertex{number=0}}, UndirectedEdge{u=NumberVertex{number=0}, v=NumberVertex{number=2}}, UndirectedEdge{u=NumberVertex{number=0}, v=NumberVertex{number=3}}, UndirectedEdge{u=NumberVertex{number=2}, v=NumberVertex{number=4}}, UndirectedEdge{u=NumberVertex{number=2}, v=NumberVertex{number=4}}, UndirectedEdge{u=NumberVertex{number=2}, v=NumberVertex{number=5}}, UndirectedEdge{u=NumberVertex{number=4}, v=NumberVertex{number=6}}, UndirectedEdge{u=NumberVertex{number=4}, v=NumberVertex{number=6}}, UndirectedEdge{u=NumberVertex{number=4}, v=NumberVertex{number=7}}, UndirectedEdge{u=NumberVertex{number=6}, v=NumberVertex{number=0}}, UndirectedEdge{u=NumberVertex{number=6}, v=NumberVertex{number=8}}, UndirectedEdge{u=NumberVertex{number=8}, v=NumberVertex{number=1}}]}}

2015-05-28 13:16:45 INFO  Main:56 - Now lets try to get path
2015-05-28 13:16:45 INFO  Main:57 - We've found path [NumberVertex{number=0}, NumberVertex{number=1}, NumberVertex{number=8}, NumberVertex{number=6}, NumberVertex{number=4}, NumberVertex{number=7}]

2015-05-28 13:28:52 INFO  Main:28 - It is a simple test program

2015-05-28 13:28:52 INFO  Main:29 - Lets try to create directed graph and get path from it
2015-05-28 13:28:52 DEBUG GraphFactory:39 - createGraph method has been called type = com.pkokoshnikov.graph.DirectedGraph
2015-05-28 13:28:52 INFO  Main:36 - DirectedGraph has been created
DirectedGraph{graphDataStructure=AdjacencyListDataStructure{
vertices=[NumberVertex{number=0}, NumberVertex{number=1}, NumberVertex{number=2}, NumberVertex{number=3}, NumberVertex{number=4}, NumberVertex{number=5}, NumberVertex{number=6}, NumberVertex{number=7}, NumberVertex{number=8}],
edges=[DirectedEdge{start=NumberVertex{number=0}, end=NumberVertex{number=7}}, DirectedEdge{start=NumberVertex{number=1}, end=NumberVertex{number=0}}, DirectedEdge{start=NumberVertex{number=0}, end=NumberVertex{number=2}}, DirectedEdge{start=NumberVertex{number=0}, end=NumberVertex{number=3}}, DirectedEdge{start=NumberVertex{number=2}, end=NumberVertex{number=4}}, DirectedEdge{start=NumberVertex{number=2}, end=NumberVertex{number=5}}, DirectedEdge{start=NumberVertex{number=2}, end=NumberVertex{number=0}}, DirectedEdge{start=NumberVertex{number=4}, end=NumberVertex{number=6}}, DirectedEdge{start=NumberVertex{number=4}, end=NumberVertex{number=7}}, DirectedEdge{start=NumberVertex{number=6}, end=NumberVertex{number=0}}, DirectedEdge{start=NumberVertex{number=6}, end=NumberVertex{number=8}}, DirectedEdge{start=NumberVertex{number=8}, end=NumberVertex{number=1}}]}}

2015-05-28 13:28:52 INFO  Main:38 - Now lets try to get path
2015-05-28 13:28:52 DEBUG AbstractGraph:51 - DFS start
2015-05-28 13:28:52 INFO  Main:66 - method getAdjacencyList is called from extended DirectedAdjacencyListDataStructure
2015-05-28 13:28:52 DEBUG AbstractGraph:81 - filteredWhiteVertices = [NumberVertex{number=7}, NumberVertex{number=2}, NumberVertex{number=3}]
2015-05-28 13:28:52 INFO  Main:66 - method getAdjacencyList is called from extended DirectedAdjacencyListDataStructure
2015-05-28 13:28:52 DEBUG AbstractGraph:81 - filteredWhiteVertices = []
2015-05-28 13:28:52 INFO  Main:66 - method getAdjacencyList is called from extended DirectedAdjacencyListDataStructure
2015-05-28 13:28:52 DEBUG AbstractGraph:81 - filteredWhiteVertices = [NumberVertex{number=4}, NumberVertex{number=5}]
2015-05-28 13:28:52 INFO  Main:66 - method getAdjacencyList is called from extended DirectedAdjacencyListDataStructure
2015-05-28 13:28:52 DEBUG AbstractGraph:81 - filteredWhiteVertices = [NumberVertex{number=6}]
2015-05-28 13:28:52 INFO  Main:66 - method getAdjacencyList is called from extended DirectedAdjacencyListDataStructure
2015-05-28 13:28:52 DEBUG AbstractGraph:81 - filteredWhiteVertices = [NumberVertex{number=8}]
2015-05-28 13:28:52 INFO  Main:66 - method getAdjacencyList is called from extended DirectedAdjacencyListDataStructure
2015-05-28 13:28:52 DEBUG AbstractGraph:81 - filteredWhiteVertices = [NumberVertex{number=1}]
2015-05-28 13:28:52 INFO  Main:66 - method getAdjacencyList is called from extended DirectedAdjacencyListDataStructure
2015-05-28 13:28:52 DEBUG AbstractGraph:77 - goal has been found
2015-05-28 13:28:52 DEBUG AbstractGraph:60 - DFS end, path = [NumberVertex{number=0}, NumberVertex{number=2}, NumberVertex{number=4}, NumberVertex{number=6}, NumberVertex{number=8}, NumberVertex{number=1}]
2015-05-28 13:28:52 INFO  Main:39 - We've found path [NumberVertex{number=0}, NumberVertex{number=2}, NumberVertex{number=4}, NumberVertex{number=6}, NumberVertex{number=8}, NumberVertex{number=1}]

2015-05-28 13:28:52 INFO  Main:41 - Lets try to create undirected graph and get path from it
2015-05-28 13:28:52 DEBUG GraphFactory:39 - createGraph method has been called type = com.pkokoshnikov.graph.UndirectedGraph
2015-05-28 13:28:52 INFO  Main:54 - UndirectedGraph has been created
UndirectedGraph{graphDataStructure=AdjacencyListDataStructure{
vertices=[NumberVertex{number=0}, NumberVertex{number=1}, NumberVertex{number=2}, NumberVertex{number=3}, NumberVertex{number=4}, NumberVertex{number=5}, NumberVertex{number=6}, NumberVertex{number=7}, NumberVertex{number=8}],
edges=[UndirectedEdge{u=NumberVertex{number=1}, v=NumberVertex{number=0}}, UndirectedEdge{u=NumberVertex{number=0}, v=NumberVertex{number=2}}, UndirectedEdge{u=NumberVertex{number=0}, v=NumberVertex{number=3}}, UndirectedEdge{u=NumberVertex{number=2}, v=NumberVertex{number=4}}, UndirectedEdge{u=NumberVertex{number=2}, v=NumberVertex{number=4}}, UndirectedEdge{u=NumberVertex{number=2}, v=NumberVertex{number=5}}, UndirectedEdge{u=NumberVertex{number=4}, v=NumberVertex{number=6}}, UndirectedEdge{u=NumberVertex{number=4}, v=NumberVertex{number=6}}, UndirectedEdge{u=NumberVertex{number=4}, v=NumberVertex{number=7}}, UndirectedEdge{u=NumberVertex{number=6}, v=NumberVertex{number=0}}, UndirectedEdge{u=NumberVertex{number=6}, v=NumberVertex{number=8}}, UndirectedEdge{u=NumberVertex{number=8}, v=NumberVertex{number=1}}]}}

2015-05-28 13:28:52 INFO  Main:56 - Now lets try to get path
2015-05-28 13:28:52 DEBUG AbstractGraph:51 - DFS start
2015-05-28 13:28:52 DEBUG AbstractGraph:81 - filteredWhiteVertices = [NumberVertex{number=1}, NumberVertex{number=2}, NumberVertex{number=3}, NumberVertex{number=6}]
2015-05-28 13:28:52 DEBUG AbstractGraph:81 - filteredWhiteVertices = [NumberVertex{number=8}]
2015-05-28 13:28:52 DEBUG AbstractGraph:81 - filteredWhiteVertices = [NumberVertex{number=6}]
2015-05-28 13:28:52 DEBUG AbstractGraph:81 - filteredWhiteVertices = [NumberVertex{number=4}, NumberVertex{number=4}]
2015-05-28 13:28:52 DEBUG AbstractGraph:81 - filteredWhiteVertices = [NumberVertex{number=2}, NumberVertex{number=2}, NumberVertex{number=7}]
2015-05-28 13:28:52 DEBUG AbstractGraph:81 - filteredWhiteVertices = [NumberVertex{number=5}]
2015-05-28 13:28:52 DEBUG AbstractGraph:81 - filteredWhiteVertices = []
2015-05-28 13:28:52 DEBUG AbstractGraph:81 - filteredWhiteVertices = []
2015-05-28 13:28:52 DEBUG AbstractGraph:77 - goal has been found
2015-05-28 13:28:52 DEBUG AbstractGraph:60 - DFS end, path = [NumberVertex{number=0}, NumberVertex{number=1}, NumberVertex{number=8}, NumberVertex{number=6}, NumberVertex{number=4}, NumberVertex{number=7}]
2015-05-28 13:28:52 INFO  Main:57 - We've found path [NumberVertex{number=0}, NumberVertex{number=1}, NumberVertex{number=8}, NumberVertex{number=6}, NumberVertex{number=4}, NumberVertex{number=7}]

2015-05-28 13:29:27 INFO  Main:28 - It is a simple test program

2015-05-28 13:29:27 INFO  Main:29 - Lets try to create directed graph and get path from it
2015-05-28 13:29:28 DEBUG GraphFactory:39 - createGraph method has been called type = com.pkokoshnikov.graph.DirectedGraph
2015-05-28 13:29:28 INFO  Main:36 - DirectedGraph has been created
DirectedGraph{graphDataStructure=AdjacencyListDataStructure{
vertices=[NumberVertex{number=0}, NumberVertex{number=1}, NumberVertex{number=2}, NumberVertex{number=3}, NumberVertex{number=4}, NumberVertex{number=5}, NumberVertex{number=6}, NumberVertex{number=7}, NumberVertex{number=8}],
edges=[DirectedEdge{start=NumberVertex{number=0}, end=NumberVertex{number=7}}, DirectedEdge{start=NumberVertex{number=1}, end=NumberVertex{number=0}}, DirectedEdge{start=NumberVertex{number=0}, end=NumberVertex{number=2}}, DirectedEdge{start=NumberVertex{number=0}, end=NumberVertex{number=3}}, DirectedEdge{start=NumberVertex{number=2}, end=NumberVertex{number=4}}, DirectedEdge{start=NumberVertex{number=2}, end=NumberVertex{number=5}}, DirectedEdge{start=NumberVertex{number=2}, end=NumberVertex{number=0}}, DirectedEdge{start=NumberVertex{number=4}, end=NumberVertex{number=6}}, DirectedEdge{start=NumberVertex{number=4}, end=NumberVertex{number=7}}, DirectedEdge{start=NumberVertex{number=6}, end=NumberVertex{number=0}}, DirectedEdge{start=NumberVertex{number=6}, end=NumberVertex{number=8}}, DirectedEdge{start=NumberVertex{number=8}, end=NumberVertex{number=1}}]}}

2015-05-28 13:29:28 INFO  Main:38 - Now lets try to get path
2015-05-28 13:29:28 DEBUG AbstractGraph:51 - DFS start
2015-05-28 13:29:28 DEBUG AbstractGraph:81 - filteredWhiteVertices = [NumberVertex{number=7}, NumberVertex{number=2}, NumberVertex{number=3}]
2015-05-28 13:29:28 DEBUG AbstractGraph:81 - filteredWhiteVertices = []
2015-05-28 13:29:28 DEBUG AbstractGraph:81 - filteredWhiteVertices = [NumberVertex{number=4}, NumberVertex{number=5}]
2015-05-28 13:29:28 DEBUG AbstractGraph:81 - filteredWhiteVertices = [NumberVertex{number=6}]
2015-05-28 13:29:28 DEBUG AbstractGraph:81 - filteredWhiteVertices = [NumberVertex{number=8}]
2015-05-28 13:29:28 DEBUG AbstractGraph:81 - filteredWhiteVertices = [NumberVertex{number=1}]
2015-05-28 13:29:28 DEBUG AbstractGraph:77 - goal has been found
2015-05-28 13:29:28 DEBUG AbstractGraph:60 - DFS end, path = [NumberVertex{number=0}, NumberVertex{number=2}, NumberVertex{number=4}, NumberVertex{number=6}, NumberVertex{number=8}, NumberVertex{number=1}]
2015-05-28 13:29:28 INFO  Main:39 - We've found path [NumberVertex{number=0}, NumberVertex{number=2}, NumberVertex{number=4}, NumberVertex{number=6}, NumberVertex{number=8}, NumberVertex{number=1}]

2015-05-28 13:29:28 INFO  Main:41 - Lets try to create undirected graph and get path from it
2015-05-28 13:29:28 DEBUG GraphFactory:39 - createGraph method has been called type = com.pkokoshnikov.graph.UndirectedGraph
2015-05-28 13:29:28 INFO  Main:54 - UndirectedGraph has been created
UndirectedGraph{graphDataStructure=AdjacencyListDataStructure{
vertices=[NumberVertex{number=0}, NumberVertex{number=1}, NumberVertex{number=2}, NumberVertex{number=3}, NumberVertex{number=4}, NumberVertex{number=5}, NumberVertex{number=6}, NumberVertex{number=7}, NumberVertex{number=8}],
edges=[UndirectedEdge{u=NumberVertex{number=1}, v=NumberVertex{number=0}}, UndirectedEdge{u=NumberVertex{number=0}, v=NumberVertex{number=2}}, UndirectedEdge{u=NumberVertex{number=0}, v=NumberVertex{number=3}}, UndirectedEdge{u=NumberVertex{number=2}, v=NumberVertex{number=4}}, UndirectedEdge{u=NumberVertex{number=2}, v=NumberVertex{number=4}}, UndirectedEdge{u=NumberVertex{number=2}, v=NumberVertex{number=5}}, UndirectedEdge{u=NumberVertex{number=4}, v=NumberVertex{number=6}}, UndirectedEdge{u=NumberVertex{number=4}, v=NumberVertex{number=6}}, UndirectedEdge{u=NumberVertex{number=4}, v=NumberVertex{number=7}}, UndirectedEdge{u=NumberVertex{number=6}, v=NumberVertex{number=0}}, UndirectedEdge{u=NumberVertex{number=6}, v=NumberVertex{number=8}}, UndirectedEdge{u=NumberVertex{number=8}, v=NumberVertex{number=1}}]}}

2015-05-28 13:29:28 INFO  Main:56 - Now lets try to get path
2015-05-28 13:29:28 DEBUG AbstractGraph:51 - DFS start
2015-05-28 13:29:28 DEBUG AbstractGraph:81 - filteredWhiteVertices = [NumberVertex{number=1}, NumberVertex{number=2}, NumberVertex{number=3}, NumberVertex{number=6}]
2015-05-28 13:29:28 DEBUG AbstractGraph:81 - filteredWhiteVertices = [NumberVertex{number=8}]
2015-05-28 13:29:28 DEBUG AbstractGraph:81 - filteredWhiteVertices = [NumberVertex{number=6}]
2015-05-28 13:29:28 DEBUG AbstractGraph:81 - filteredWhiteVertices = [NumberVertex{number=4}, NumberVertex{number=4}]
2015-05-28 13:29:28 DEBUG AbstractGraph:81 - filteredWhiteVertices = [NumberVertex{number=2}, NumberVertex{number=2}, NumberVertex{number=7}]
2015-05-28 13:29:28 DEBUG AbstractGraph:81 - filteredWhiteVertices = [NumberVertex{number=5}]
2015-05-28 13:29:28 DEBUG AbstractGraph:81 - filteredWhiteVertices = []
2015-05-28 13:29:28 DEBUG AbstractGraph:81 - filteredWhiteVertices = []
2015-05-28 13:29:28 DEBUG AbstractGraph:77 - goal has been found
2015-05-28 13:29:28 DEBUG AbstractGraph:60 - DFS end, path = [NumberVertex{number=0}, NumberVertex{number=1}, NumberVertex{number=8}, NumberVertex{number=6}, NumberVertex{number=4}, NumberVertex{number=7}]
2015-05-28 13:29:28 INFO  Main:57 - We've found path [NumberVertex{number=0}, NumberVertex{number=1}, NumberVertex{number=8}, NumberVertex{number=6}, NumberVertex{number=4}, NumberVertex{number=7}]

2015-05-28 13:30:56 INFO  Main:28 - It is a simple test program

2015-05-28 13:30:56 INFO  Main:29 - Lets try to create directed graph and get path from it
2015-05-28 13:30:57 DEBUG GraphFactory:39 - createGraph method has been called type = com.pkokoshnikov.graph.DirectedGraph
2015-05-28 13:30:57 INFO  Main:36 - DirectedGraph has been created
DirectedGraph{graphDataStructure=AdjacencyListDataStructure{
vertices=[NumberVertex{number=0}, NumberVertex{number=1}, NumberVertex{number=2}, NumberVertex{number=3}, NumberVertex{number=4}, NumberVertex{number=5}, NumberVertex{number=6}, NumberVertex{number=7}, NumberVertex{number=8}],
edges=[DirectedEdge{start=NumberVertex{number=0}, end=NumberVertex{number=7}}, DirectedEdge{start=NumberVertex{number=1}, end=NumberVertex{number=0}}, DirectedEdge{start=NumberVertex{number=0}, end=NumberVertex{number=2}}, DirectedEdge{start=NumberVertex{number=0}, end=NumberVertex{number=3}}, DirectedEdge{start=NumberVertex{number=2}, end=NumberVertex{number=4}}, DirectedEdge{start=NumberVertex{number=2}, end=NumberVertex{number=5}}, DirectedEdge{start=NumberVertex{number=2}, end=NumberVertex{number=0}}, DirectedEdge{start=NumberVertex{number=4}, end=NumberVertex{number=6}}, DirectedEdge{start=NumberVertex{number=4}, end=NumberVertex{number=7}}, DirectedEdge{start=NumberVertex{number=6}, end=NumberVertex{number=0}}, DirectedEdge{start=NumberVertex{number=6}, end=NumberVertex{number=8}}, DirectedEdge{start=NumberVertex{number=8}, end=NumberVertex{number=1}}]}}

2015-05-28 13:30:57 INFO  Main:38 - Now lets try to get path
2015-05-28 13:30:57 DEBUG AbstractGraph:51 - DFS start
2015-05-28 13:30:57 DEBUG AbstractGraph:81 - filteredWhiteVertices = [NumberVertex{number=7}, NumberVertex{number=2}, NumberVertex{number=3}]
2015-05-28 13:30:57 DEBUG AbstractGraph:81 - filteredWhiteVertices = []
2015-05-28 13:30:57 DEBUG AbstractGraph:81 - filteredWhiteVertices = [NumberVertex{number=4}, NumberVertex{number=5}]
2015-05-28 13:30:57 DEBUG AbstractGraph:81 - filteredWhiteVertices = [NumberVertex{number=6}]
2015-05-28 13:30:57 DEBUG AbstractGraph:81 - filteredWhiteVertices = [NumberVertex{number=8}]
2015-05-28 13:30:57 DEBUG AbstractGraph:81 - filteredWhiteVertices = [NumberVertex{number=1}]
2015-05-28 13:30:57 DEBUG AbstractGraph:77 - goal has been found
2015-05-28 13:30:57 DEBUG AbstractGraph:85 - vertex has been added to path
2015-05-28 13:30:57 DEBUG AbstractGraph:85 - vertex has been added to path
2015-05-28 13:30:57 DEBUG AbstractGraph:85 - vertex has been added to path
2015-05-28 13:30:57 DEBUG AbstractGraph:85 - vertex has been added to path
2015-05-28 13:30:57 DEBUG AbstractGraph:85 - vertex has been added to path
2015-05-28 13:30:57 DEBUG AbstractGraph:60 - DFS end, path = [NumberVertex{number=0}, NumberVertex{number=2}, NumberVertex{number=4}, NumberVertex{number=6}, NumberVertex{number=8}, NumberVertex{number=1}]
2015-05-28 13:30:57 INFO  Main:39 - We've found path [NumberVertex{number=0}, NumberVertex{number=2}, NumberVertex{number=4}, NumberVertex{number=6}, NumberVertex{number=8}, NumberVertex{number=1}]

2015-05-28 13:30:57 INFO  Main:41 - Lets try to create undirected graph and get path from it
2015-05-28 13:30:57 DEBUG GraphFactory:39 - createGraph method has been called type = com.pkokoshnikov.graph.UndirectedGraph
2015-05-28 13:30:57 INFO  Main:54 - UndirectedGraph has been created
UndirectedGraph{graphDataStructure=AdjacencyListDataStructure{
vertices=[NumberVertex{number=0}, NumberVertex{number=1}, NumberVertex{number=2}, NumberVertex{number=3}, NumberVertex{number=4}, NumberVertex{number=5}, NumberVertex{number=6}, NumberVertex{number=7}, NumberVertex{number=8}],
edges=[UndirectedEdge{u=NumberVertex{number=1}, v=NumberVertex{number=0}}, UndirectedEdge{u=NumberVertex{number=0}, v=NumberVertex{number=2}}, UndirectedEdge{u=NumberVertex{number=0}, v=NumberVertex{number=3}}, UndirectedEdge{u=NumberVertex{number=2}, v=NumberVertex{number=4}}, UndirectedEdge{u=NumberVertex{number=2}, v=NumberVertex{number=4}}, UndirectedEdge{u=NumberVertex{number=2}, v=NumberVertex{number=5}}, UndirectedEdge{u=NumberVertex{number=4}, v=NumberVertex{number=6}}, UndirectedEdge{u=NumberVertex{number=4}, v=NumberVertex{number=6}}, UndirectedEdge{u=NumberVertex{number=4}, v=NumberVertex{number=7}}, UndirectedEdge{u=NumberVertex{number=6}, v=NumberVertex{number=0}}, UndirectedEdge{u=NumberVertex{number=6}, v=NumberVertex{number=8}}, UndirectedEdge{u=NumberVertex{number=8}, v=NumberVertex{number=1}}]}}

2015-05-28 13:30:57 INFO  Main:56 - Now lets try to get path
2015-05-28 13:30:57 DEBUG AbstractGraph:51 - DFS start
2015-05-28 13:30:57 DEBUG AbstractGraph:81 - filteredWhiteVertices = [NumberVertex{number=1}, NumberVertex{number=2}, NumberVertex{number=3}, NumberVertex{number=6}]
2015-05-28 13:30:57 DEBUG AbstractGraph:81 - filteredWhiteVertices = [NumberVertex{number=8}]
2015-05-28 13:30:57 DEBUG AbstractGraph:81 - filteredWhiteVertices = [NumberVertex{number=6}]
2015-05-28 13:30:57 DEBUG AbstractGraph:81 - filteredWhiteVertices = [NumberVertex{number=4}, NumberVertex{number=4}]
2015-05-28 13:30:57 DEBUG AbstractGraph:81 - filteredWhiteVertices = [NumberVertex{number=2}, NumberVertex{number=2}, NumberVertex{number=7}]
2015-05-28 13:30:57 DEBUG AbstractGraph:81 - filteredWhiteVertices = [NumberVertex{number=5}]
2015-05-28 13:30:57 DEBUG AbstractGraph:81 - filteredWhiteVertices = []
2015-05-28 13:30:57 DEBUG AbstractGraph:81 - filteredWhiteVertices = []
2015-05-28 13:30:57 DEBUG AbstractGraph:77 - goal has been found
2015-05-28 13:30:57 DEBUG AbstractGraph:85 - vertex has been added to path
2015-05-28 13:30:57 DEBUG AbstractGraph:85 - vertex has been added to path
2015-05-28 13:30:57 DEBUG AbstractGraph:85 - vertex has been added to path
2015-05-28 13:30:57 DEBUG AbstractGraph:85 - vertex has been added to path
2015-05-28 13:30:57 DEBUG AbstractGraph:85 - vertex has been added to path
2015-05-28 13:30:57 DEBUG AbstractGraph:60 - DFS end, path = [NumberVertex{number=0}, NumberVertex{number=1}, NumberVertex{number=8}, NumberVertex{number=6}, NumberVertex{number=4}, NumberVertex{number=7}]
2015-05-28 13:30:57 INFO  Main:57 - We've found path [NumberVertex{number=0}, NumberVertex{number=1}, NumberVertex{number=8}, NumberVertex{number=6}, NumberVertex{number=4}, NumberVertex{number=7}]

2015-05-28 13:31:19 INFO  Main:28 - It is a simple test program

2015-05-28 13:31:19 INFO  Main:29 - Lets try to create directed graph and get path from it
2015-05-28 13:31:19 DEBUG GraphFactory:39 - createGraph method has been called type = com.pkokoshnikov.graph.DirectedGraph
2015-05-28 13:31:19 INFO  Main:36 - DirectedGraph has been created
DirectedGraph{graphDataStructure=AdjacencyListDataStructure{
vertices=[NumberVertex{number=0}, NumberVertex{number=1}, NumberVertex{number=2}, NumberVertex{number=3}, NumberVertex{number=4}, NumberVertex{number=5}, NumberVertex{number=6}, NumberVertex{number=7}, NumberVertex{number=8}],
edges=[DirectedEdge{start=NumberVertex{number=0}, end=NumberVertex{number=7}}, DirectedEdge{start=NumberVertex{number=1}, end=NumberVertex{number=0}}, DirectedEdge{start=NumberVertex{number=0}, end=NumberVertex{number=2}}, DirectedEdge{start=NumberVertex{number=0}, end=NumberVertex{number=3}}, DirectedEdge{start=NumberVertex{number=2}, end=NumberVertex{number=4}}, DirectedEdge{start=NumberVertex{number=2}, end=NumberVertex{number=5}}, DirectedEdge{start=NumberVertex{number=2}, end=NumberVertex{number=0}}, DirectedEdge{start=NumberVertex{number=4}, end=NumberVertex{number=6}}, DirectedEdge{start=NumberVertex{number=4}, end=NumberVertex{number=7}}, DirectedEdge{start=NumberVertex{number=6}, end=NumberVertex{number=0}}, DirectedEdge{start=NumberVertex{number=6}, end=NumberVertex{number=8}}, DirectedEdge{start=NumberVertex{number=8}, end=NumberVertex{number=1}}]}}

2015-05-28 13:31:19 INFO  Main:38 - Now lets try to get path
2015-05-28 13:31:19 DEBUG AbstractGraph:51 - DFS start
2015-05-28 13:31:19 DEBUG AbstractGraph:81 - filteredWhiteVertices = [NumberVertex{number=7}, NumberVertex{number=2}, NumberVertex{number=3}]
2015-05-28 13:31:19 DEBUG AbstractGraph:81 - filteredWhiteVertices = []
2015-05-28 13:31:19 DEBUG AbstractGraph:81 - filteredWhiteVertices = [NumberVertex{number=4}, NumberVertex{number=5}]
2015-05-28 13:31:19 DEBUG AbstractGraph:81 - filteredWhiteVertices = [NumberVertex{number=6}]
2015-05-28 13:31:19 DEBUG AbstractGraph:81 - filteredWhiteVertices = [NumberVertex{number=8}]
2015-05-28 13:31:19 DEBUG AbstractGraph:81 - filteredWhiteVertices = [NumberVertex{number=1}]
2015-05-28 13:31:19 DEBUG AbstractGraph:77 - goal has been found
2015-05-28 13:31:19 DEBUG AbstractGraph:85 - vertex has been added to path NumberVertex{number=1}
2015-05-28 13:31:19 DEBUG AbstractGraph:85 - vertex has been added to path NumberVertex{number=8}
2015-05-28 13:31:19 DEBUG AbstractGraph:85 - vertex has been added to path NumberVertex{number=6}
2015-05-28 13:31:19 DEBUG AbstractGraph:85 - vertex has been added to path NumberVertex{number=4}
2015-05-28 13:31:19 DEBUG AbstractGraph:85 - vertex has been added to path NumberVertex{number=2}
2015-05-28 13:31:19 DEBUG AbstractGraph:60 - DFS end, path = [NumberVertex{number=0}, NumberVertex{number=2}, NumberVertex{number=4}, NumberVertex{number=6}, NumberVertex{number=8}, NumberVertex{number=1}]
2015-05-28 13:31:19 INFO  Main:39 - We've found path [NumberVertex{number=0}, NumberVertex{number=2}, NumberVertex{number=4}, NumberVertex{number=6}, NumberVertex{number=8}, NumberVertex{number=1}]

2015-05-28 13:31:19 INFO  Main:41 - Lets try to create undirected graph and get path from it
2015-05-28 13:31:19 DEBUG GraphFactory:39 - createGraph method has been called type = com.pkokoshnikov.graph.UndirectedGraph
2015-05-28 13:31:19 INFO  Main:54 - UndirectedGraph has been created
UndirectedGraph{graphDataStructure=AdjacencyListDataStructure{
vertices=[NumberVertex{number=0}, NumberVertex{number=1}, NumberVertex{number=2}, NumberVertex{number=3}, NumberVertex{number=4}, NumberVertex{number=5}, NumberVertex{number=6}, NumberVertex{number=7}, NumberVertex{number=8}],
edges=[UndirectedEdge{u=NumberVertex{number=1}, v=NumberVertex{number=0}}, UndirectedEdge{u=NumberVertex{number=0}, v=NumberVertex{number=2}}, UndirectedEdge{u=NumberVertex{number=0}, v=NumberVertex{number=3}}, UndirectedEdge{u=NumberVertex{number=2}, v=NumberVertex{number=4}}, UndirectedEdge{u=NumberVertex{number=2}, v=NumberVertex{number=4}}, UndirectedEdge{u=NumberVertex{number=2}, v=NumberVertex{number=5}}, UndirectedEdge{u=NumberVertex{number=4}, v=NumberVertex{number=6}}, UndirectedEdge{u=NumberVertex{number=4}, v=NumberVertex{number=6}}, UndirectedEdge{u=NumberVertex{number=4}, v=NumberVertex{number=7}}, UndirectedEdge{u=NumberVertex{number=6}, v=NumberVertex{number=0}}, UndirectedEdge{u=NumberVertex{number=6}, v=NumberVertex{number=8}}, UndirectedEdge{u=NumberVertex{number=8}, v=NumberVertex{number=1}}]}}

2015-05-28 13:31:19 INFO  Main:56 - Now lets try to get path
2015-05-28 13:31:19 DEBUG AbstractGraph:51 - DFS start
2015-05-28 13:31:19 DEBUG AbstractGraph:81 - filteredWhiteVertices = [NumberVertex{number=1}, NumberVertex{number=2}, NumberVertex{number=3}, NumberVertex{number=6}]
2015-05-28 13:31:19 DEBUG AbstractGraph:81 - filteredWhiteVertices = [NumberVertex{number=8}]
2015-05-28 13:31:19 DEBUG AbstractGraph:81 - filteredWhiteVertices = [NumberVertex{number=6}]
2015-05-28 13:31:19 DEBUG AbstractGraph:81 - filteredWhiteVertices = [NumberVertex{number=4}, NumberVertex{number=4}]
2015-05-28 13:31:19 DEBUG AbstractGraph:81 - filteredWhiteVertices = [NumberVertex{number=2}, NumberVertex{number=2}, NumberVertex{number=7}]
2015-05-28 13:31:19 DEBUG AbstractGraph:81 - filteredWhiteVertices = [NumberVertex{number=5}]
2015-05-28 13:31:19 DEBUG AbstractGraph:81 - filteredWhiteVertices = []
2015-05-28 13:31:19 DEBUG AbstractGraph:81 - filteredWhiteVertices = []
2015-05-28 13:31:19 DEBUG AbstractGraph:77 - goal has been found
2015-05-28 13:31:19 DEBUG AbstractGraph:85 - vertex has been added to path NumberVertex{number=7}
2015-05-28 13:31:19 DEBUG AbstractGraph:85 - vertex has been added to path NumberVertex{number=4}
2015-05-28 13:31:19 DEBUG AbstractGraph:85 - vertex has been added to path NumberVertex{number=6}
2015-05-28 13:31:19 DEBUG AbstractGraph:85 - vertex has been added to path NumberVertex{number=8}
2015-05-28 13:31:19 DEBUG AbstractGraph:85 - vertex has been added to path NumberVertex{number=1}
2015-05-28 13:31:19 DEBUG AbstractGraph:60 - DFS end, path = [NumberVertex{number=0}, NumberVertex{number=1}, NumberVertex{number=8}, NumberVertex{number=6}, NumberVertex{number=4}, NumberVertex{number=7}]
2015-05-28 13:31:19 INFO  Main:57 - We've found path [NumberVertex{number=0}, NumberVertex{number=1}, NumberVertex{number=8}, NumberVertex{number=6}, NumberVertex{number=4}, NumberVertex{number=7}]

2015-05-28 13:31:31 INFO  Main:28 - It is a simple test program

2015-05-28 13:31:31 INFO  Main:29 - Lets try to create directed graph and get path from it
2015-05-28 13:31:32 DEBUG GraphFactory:39 - createGraph method has been called type = com.pkokoshnikov.graph.DirectedGraph
2015-05-28 13:31:32 INFO  Main:36 - DirectedGraph has been created
DirectedGraph{graphDataStructure=AdjacencyListDataStructure{
vertices=[NumberVertex{number=0}, NumberVertex{number=1}, NumberVertex{number=2}, NumberVertex{number=3}, NumberVertex{number=4}, NumberVertex{number=5}, NumberVertex{number=6}, NumberVertex{number=7}, NumberVertex{number=8}],
edges=[DirectedEdge{start=NumberVertex{number=0}, end=NumberVertex{number=7}}, DirectedEdge{start=NumberVertex{number=1}, end=NumberVertex{number=0}}, DirectedEdge{start=NumberVertex{number=0}, end=NumberVertex{number=2}}, DirectedEdge{start=NumberVertex{number=0}, end=NumberVertex{number=3}}, DirectedEdge{start=NumberVertex{number=2}, end=NumberVertex{number=4}}, DirectedEdge{start=NumberVertex{number=2}, end=NumberVertex{number=5}}, DirectedEdge{start=NumberVertex{number=2}, end=NumberVertex{number=0}}, DirectedEdge{start=NumberVertex{number=4}, end=NumberVertex{number=6}}, DirectedEdge{start=NumberVertex{number=4}, end=NumberVertex{number=7}}, DirectedEdge{start=NumberVertex{number=6}, end=NumberVertex{number=0}}, DirectedEdge{start=NumberVertex{number=6}, end=NumberVertex{number=8}}, DirectedEdge{start=NumberVertex{number=8}, end=NumberVertex{number=1}}]}}

2015-05-28 13:31:32 INFO  Main:38 - Now lets try to get path
2015-05-28 13:31:32 DEBUG AbstractGraph:51 - DFS start
2015-05-28 13:31:32 DEBUG AbstractGraph:81 - filtered white vertices = [NumberVertex{number=7}, NumberVertex{number=2}, NumberVertex{number=3}]
2015-05-28 13:31:32 DEBUG AbstractGraph:81 - filtered white vertices = []
2015-05-28 13:31:32 DEBUG AbstractGraph:81 - filtered white vertices = [NumberVertex{number=4}, NumberVertex{number=5}]
2015-05-28 13:31:32 DEBUG AbstractGraph:81 - filtered white vertices = [NumberVertex{number=6}]
2015-05-28 13:31:32 DEBUG AbstractGraph:81 - filtered white vertices = [NumberVertex{number=8}]
2015-05-28 13:31:32 DEBUG AbstractGraph:81 - filtered white vertices = [NumberVertex{number=1}]
2015-05-28 13:31:32 DEBUG AbstractGraph:77 - goal has been found
2015-05-28 13:31:32 DEBUG AbstractGraph:85 - vertex has been added to path NumberVertex{number=1}
2015-05-28 13:31:32 DEBUG AbstractGraph:85 - vertex has been added to path NumberVertex{number=8}
2015-05-28 13:31:32 DEBUG AbstractGraph:85 - vertex has been added to path NumberVertex{number=6}
2015-05-28 13:31:32 DEBUG AbstractGraph:85 - vertex has been added to path NumberVertex{number=4}
2015-05-28 13:31:32 DEBUG AbstractGraph:85 - vertex has been added to path NumberVertex{number=2}
2015-05-28 13:31:32 DEBUG AbstractGraph:60 - DFS end, path = [NumberVertex{number=0}, NumberVertex{number=2}, NumberVertex{number=4}, NumberVertex{number=6}, NumberVertex{number=8}, NumberVertex{number=1}]
2015-05-28 13:31:32 INFO  Main:39 - We've found path [NumberVertex{number=0}, NumberVertex{number=2}, NumberVertex{number=4}, NumberVertex{number=6}, NumberVertex{number=8}, NumberVertex{number=1}]

2015-05-28 13:31:32 INFO  Main:41 - Lets try to create undirected graph and get path from it
2015-05-28 13:31:32 DEBUG GraphFactory:39 - createGraph method has been called type = com.pkokoshnikov.graph.UndirectedGraph
2015-05-28 13:31:32 INFO  Main:54 - UndirectedGraph has been created
UndirectedGraph{graphDataStructure=AdjacencyListDataStructure{
vertices=[NumberVertex{number=0}, NumberVertex{number=1}, NumberVertex{number=2}, NumberVertex{number=3}, NumberVertex{number=4}, NumberVertex{number=5}, NumberVertex{number=6}, NumberVertex{number=7}, NumberVertex{number=8}],
edges=[UndirectedEdge{u=NumberVertex{number=1}, v=NumberVertex{number=0}}, UndirectedEdge{u=NumberVertex{number=0}, v=NumberVertex{number=2}}, UndirectedEdge{u=NumberVertex{number=0}, v=NumberVertex{number=3}}, UndirectedEdge{u=NumberVertex{number=2}, v=NumberVertex{number=4}}, UndirectedEdge{u=NumberVertex{number=2}, v=NumberVertex{number=4}}, UndirectedEdge{u=NumberVertex{number=2}, v=NumberVertex{number=5}}, UndirectedEdge{u=NumberVertex{number=4}, v=NumberVertex{number=6}}, UndirectedEdge{u=NumberVertex{number=4}, v=NumberVertex{number=6}}, UndirectedEdge{u=NumberVertex{number=4}, v=NumberVertex{number=7}}, UndirectedEdge{u=NumberVertex{number=6}, v=NumberVertex{number=0}}, UndirectedEdge{u=NumberVertex{number=6}, v=NumberVertex{number=8}}, UndirectedEdge{u=NumberVertex{number=8}, v=NumberVertex{number=1}}]}}

2015-05-28 13:31:32 INFO  Main:56 - Now lets try to get path
2015-05-28 13:31:32 DEBUG AbstractGraph:51 - DFS start
2015-05-28 13:31:32 DEBUG AbstractGraph:81 - filtered white vertices = [NumberVertex{number=1}, NumberVertex{number=2}, NumberVertex{number=3}, NumberVertex{number=6}]
2015-05-28 13:31:32 DEBUG AbstractGraph:81 - filtered white vertices = [NumberVertex{number=8}]
2015-05-28 13:31:32 DEBUG AbstractGraph:81 - filtered white vertices = [NumberVertex{number=6}]
2015-05-28 13:31:32 DEBUG AbstractGraph:81 - filtered white vertices = [NumberVertex{number=4}, NumberVertex{number=4}]
2015-05-28 13:31:32 DEBUG AbstractGraph:81 - filtered white vertices = [NumberVertex{number=2}, NumberVertex{number=2}, NumberVertex{number=7}]
2015-05-28 13:31:32 DEBUG AbstractGraph:81 - filtered white vertices = [NumberVertex{number=5}]
2015-05-28 13:31:32 DEBUG AbstractGraph:81 - filtered white vertices = []
2015-05-28 13:31:32 DEBUG AbstractGraph:81 - filtered white vertices = []
2015-05-28 13:31:32 DEBUG AbstractGraph:77 - goal has been found
2015-05-28 13:31:32 DEBUG AbstractGraph:85 - vertex has been added to path NumberVertex{number=7}
2015-05-28 13:31:32 DEBUG AbstractGraph:85 - vertex has been added to path NumberVertex{number=4}
2015-05-28 13:31:32 DEBUG AbstractGraph:85 - vertex has been added to path NumberVertex{number=6}
2015-05-28 13:31:32 DEBUG AbstractGraph:85 - vertex has been added to path NumberVertex{number=8}
2015-05-28 13:31:32 DEBUG AbstractGraph:85 - vertex has been added to path NumberVertex{number=1}
2015-05-28 13:31:32 DEBUG AbstractGraph:60 - DFS end, path = [NumberVertex{number=0}, NumberVertex{number=1}, NumberVertex{number=8}, NumberVertex{number=6}, NumberVertex{number=4}, NumberVertex{number=7}]
2015-05-28 13:31:32 INFO  Main:57 - We've found path [NumberVertex{number=0}, NumberVertex{number=1}, NumberVertex{number=8}, NumberVertex{number=6}, NumberVertex{number=4}, NumberVertex{number=7}]

2015-05-28 13:31:41 INFO  Main:28 - It is a simple test program

2015-05-28 13:31:41 INFO  Main:29 - Lets try to create directed graph and get path from it
2015-05-28 13:31:41 DEBUG GraphFactory:39 - createGraph method has been called type = com.pkokoshnikov.graph.DirectedGraph
2015-05-28 13:31:41 INFO  Main:36 - DirectedGraph has been created
DirectedGraph{graphDataStructure=AdjacencyListDataStructure{
vertices=[NumberVertex{number=0}, NumberVertex{number=1}, NumberVertex{number=2}, NumberVertex{number=3}, NumberVertex{number=4}, NumberVertex{number=5}, NumberVertex{number=6}, NumberVertex{number=7}, NumberVertex{number=8}],
edges=[DirectedEdge{start=NumberVertex{number=0}, end=NumberVertex{number=7}}, DirectedEdge{start=NumberVertex{number=1}, end=NumberVertex{number=0}}, DirectedEdge{start=NumberVertex{number=0}, end=NumberVertex{number=2}}, DirectedEdge{start=NumberVertex{number=0}, end=NumberVertex{number=3}}, DirectedEdge{start=NumberVertex{number=2}, end=NumberVertex{number=4}}, DirectedEdge{start=NumberVertex{number=2}, end=NumberVertex{number=5}}, DirectedEdge{start=NumberVertex{number=2}, end=NumberVertex{number=0}}, DirectedEdge{start=NumberVertex{number=4}, end=NumberVertex{number=6}}, DirectedEdge{start=NumberVertex{number=4}, end=NumberVertex{number=7}}, DirectedEdge{start=NumberVertex{number=6}, end=NumberVertex{number=0}}, DirectedEdge{start=NumberVertex{number=6}, end=NumberVertex{number=8}}, DirectedEdge{start=NumberVertex{number=8}, end=NumberVertex{number=1}}]}}

2015-05-28 13:31:41 INFO  Main:38 - Now lets try to get path
2015-05-28 13:31:41 DEBUG AbstractGraph:51 - DFS start
2015-05-28 13:31:41 DEBUG AbstractGraph:81 - white vertices = [NumberVertex{number=7}, NumberVertex{number=2}, NumberVertex{number=3}]
2015-05-28 13:31:41 DEBUG AbstractGraph:81 - white vertices = []
2015-05-28 13:31:41 DEBUG AbstractGraph:81 - white vertices = [NumberVertex{number=4}, NumberVertex{number=5}]
2015-05-28 13:31:41 DEBUG AbstractGraph:81 - white vertices = [NumberVertex{number=6}]
2015-05-28 13:31:41 DEBUG AbstractGraph:81 - white vertices = [NumberVertex{number=8}]
2015-05-28 13:31:41 DEBUG AbstractGraph:81 - white vertices = [NumberVertex{number=1}]
2015-05-28 13:31:41 DEBUG AbstractGraph:77 - goal has been found
2015-05-28 13:31:41 DEBUG AbstractGraph:85 - vertex has been added to path NumberVertex{number=1}
2015-05-28 13:31:41 DEBUG AbstractGraph:85 - vertex has been added to path NumberVertex{number=8}
2015-05-28 13:31:41 DEBUG AbstractGraph:85 - vertex has been added to path NumberVertex{number=6}
2015-05-28 13:31:41 DEBUG AbstractGraph:85 - vertex has been added to path NumberVertex{number=4}
2015-05-28 13:31:41 DEBUG AbstractGraph:85 - vertex has been added to path NumberVertex{number=2}
2015-05-28 13:31:41 DEBUG AbstractGraph:60 - DFS end, path = [NumberVertex{number=0}, NumberVertex{number=2}, NumberVertex{number=4}, NumberVertex{number=6}, NumberVertex{number=8}, NumberVertex{number=1}]
2015-05-28 13:31:41 INFO  Main:39 - We've found path [NumberVertex{number=0}, NumberVertex{number=2}, NumberVertex{number=4}, NumberVertex{number=6}, NumberVertex{number=8}, NumberVertex{number=1}]

2015-05-28 13:31:41 INFO  Main:41 - Lets try to create undirected graph and get path from it
2015-05-28 13:31:41 DEBUG GraphFactory:39 - createGraph method has been called type = com.pkokoshnikov.graph.UndirectedGraph
2015-05-28 13:31:41 INFO  Main:54 - UndirectedGraph has been created
UndirectedGraph{graphDataStructure=AdjacencyListDataStructure{
vertices=[NumberVertex{number=0}, NumberVertex{number=1}, NumberVertex{number=2}, NumberVertex{number=3}, NumberVertex{number=4}, NumberVertex{number=5}, NumberVertex{number=6}, NumberVertex{number=7}, NumberVertex{number=8}],
edges=[UndirectedEdge{u=NumberVertex{number=1}, v=NumberVertex{number=0}}, UndirectedEdge{u=NumberVertex{number=0}, v=NumberVertex{number=2}}, UndirectedEdge{u=NumberVertex{number=0}, v=NumberVertex{number=3}}, UndirectedEdge{u=NumberVertex{number=2}, v=NumberVertex{number=4}}, UndirectedEdge{u=NumberVertex{number=2}, v=NumberVertex{number=4}}, UndirectedEdge{u=NumberVertex{number=2}, v=NumberVertex{number=5}}, UndirectedEdge{u=NumberVertex{number=4}, v=NumberVertex{number=6}}, UndirectedEdge{u=NumberVertex{number=4}, v=NumberVertex{number=6}}, UndirectedEdge{u=NumberVertex{number=4}, v=NumberVertex{number=7}}, UndirectedEdge{u=NumberVertex{number=6}, v=NumberVertex{number=0}}, UndirectedEdge{u=NumberVertex{number=6}, v=NumberVertex{number=8}}, UndirectedEdge{u=NumberVertex{number=8}, v=NumberVertex{number=1}}]}}

2015-05-28 13:31:41 INFO  Main:56 - Now lets try to get path
2015-05-28 13:31:41 DEBUG AbstractGraph:51 - DFS start
2015-05-28 13:31:41 DEBUG AbstractGraph:81 - white vertices = [NumberVertex{number=1}, NumberVertex{number=2}, NumberVertex{number=3}, NumberVertex{number=6}]
2015-05-28 13:31:41 DEBUG AbstractGraph:81 - white vertices = [NumberVertex{number=8}]
2015-05-28 13:31:41 DEBUG AbstractGraph:81 - white vertices = [NumberVertex{number=6}]
2015-05-28 13:31:41 DEBUG AbstractGraph:81 - white vertices = [NumberVertex{number=4}, NumberVertex{number=4}]
2015-05-28 13:31:41 DEBUG AbstractGraph:81 - white vertices = [NumberVertex{number=2}, NumberVertex{number=2}, NumberVertex{number=7}]
2015-05-28 13:31:41 DEBUG AbstractGraph:81 - white vertices = [NumberVertex{number=5}]
2015-05-28 13:31:41 DEBUG AbstractGraph:81 - white vertices = []
2015-05-28 13:31:41 DEBUG AbstractGraph:81 - white vertices = []
2015-05-28 13:31:41 DEBUG AbstractGraph:77 - goal has been found
2015-05-28 13:31:41 DEBUG AbstractGraph:85 - vertex has been added to path NumberVertex{number=7}
2015-05-28 13:31:41 DEBUG AbstractGraph:85 - vertex has been added to path NumberVertex{number=4}
2015-05-28 13:31:41 DEBUG AbstractGraph:85 - vertex has been added to path NumberVertex{number=6}
2015-05-28 13:31:41 DEBUG AbstractGraph:85 - vertex has been added to path NumberVertex{number=8}
2015-05-28 13:31:41 DEBUG AbstractGraph:85 - vertex has been added to path NumberVertex{number=1}
2015-05-28 13:31:41 DEBUG AbstractGraph:60 - DFS end, path = [NumberVertex{number=0}, NumberVertex{number=1}, NumberVertex{number=8}, NumberVertex{number=6}, NumberVertex{number=4}, NumberVertex{number=7}]
2015-05-28 13:31:41 INFO  Main:57 - We've found path [NumberVertex{number=0}, NumberVertex{number=1}, NumberVertex{number=8}, NumberVertex{number=6}, NumberVertex{number=4}, NumberVertex{number=7}]

2015-05-28 13:32:19 INFO  Main:28 - It is a simple test program

2015-05-28 13:32:19 INFO  Main:29 - Lets try to create directed graph and get path from it
2015-05-28 13:32:20 DEBUG GraphFactory:39 - createGraph method has been called type = com.pkokoshnikov.graph.DirectedGraph
2015-05-28 13:32:20 INFO  Main:36 - DirectedGraph has been created
DirectedGraph{graphDataStructure=AdjacencyListDataStructure{
vertices=[NumberVertex{number=0}, NumberVertex{number=1}, NumberVertex{number=2}, NumberVertex{number=3}, NumberVertex{number=4}, NumberVertex{number=5}, NumberVertex{number=6}, NumberVertex{number=7}, NumberVertex{number=8}],
edges=[DirectedEdge{start=NumberVertex{number=0}, end=NumberVertex{number=7}}, DirectedEdge{start=NumberVertex{number=1}, end=NumberVertex{number=0}}, DirectedEdge{start=NumberVertex{number=0}, end=NumberVertex{number=2}}, DirectedEdge{start=NumberVertex{number=0}, end=NumberVertex{number=3}}, DirectedEdge{start=NumberVertex{number=2}, end=NumberVertex{number=4}}, DirectedEdge{start=NumberVertex{number=2}, end=NumberVertex{number=5}}, DirectedEdge{start=NumberVertex{number=2}, end=NumberVertex{number=0}}, DirectedEdge{start=NumberVertex{number=4}, end=NumberVertex{number=6}}, DirectedEdge{start=NumberVertex{number=4}, end=NumberVertex{number=7}}, DirectedEdge{start=NumberVertex{number=6}, end=NumberVertex{number=0}}, DirectedEdge{start=NumberVertex{number=6}, end=NumberVertex{number=8}}, DirectedEdge{start=NumberVertex{number=8}, end=NumberVertex{number=1}}]}}

2015-05-28 13:32:20 INFO  Main:38 - Now lets try to get path
2015-05-28 13:32:20 DEBUG AbstractGraph:51 - DFS start
2015-05-28 13:32:20 DEBUG AbstractGraph:81 - white vertices = [NumberVertex{number=7}, NumberVertex{number=2}, NumberVertex{number=3}]
2015-05-28 13:32:20 DEBUG AbstractGraph:81 - white vertices = []
2015-05-28 13:32:20 DEBUG AbstractGraph:81 - white vertices = [NumberVertex{number=4}, NumberVertex{number=5}]
2015-05-28 13:32:20 DEBUG AbstractGraph:81 - white vertices = [NumberVertex{number=6}]
2015-05-28 13:32:20 DEBUG AbstractGraph:81 - white vertices = [NumberVertex{number=8}]
2015-05-28 13:32:20 DEBUG AbstractGraph:81 - white vertices = [NumberVertex{number=1}]
2015-05-28 13:32:20 DEBUG AbstractGraph:77 - goal has been found NumberVertex{number=1}
2015-05-28 13:32:20 DEBUG AbstractGraph:85 - vertex has been added to path NumberVertex{number=1}
2015-05-28 13:32:20 DEBUG AbstractGraph:85 - vertex has been added to path NumberVertex{number=8}
2015-05-28 13:32:20 DEBUG AbstractGraph:85 - vertex has been added to path NumberVertex{number=6}
2015-05-28 13:32:20 DEBUG AbstractGraph:85 - vertex has been added to path NumberVertex{number=4}
2015-05-28 13:32:20 DEBUG AbstractGraph:85 - vertex has been added to path NumberVertex{number=2}
2015-05-28 13:32:20 DEBUG AbstractGraph:60 - DFS end, path = [NumberVertex{number=0}, NumberVertex{number=2}, NumberVertex{number=4}, NumberVertex{number=6}, NumberVertex{number=8}, NumberVertex{number=1}]
2015-05-28 13:32:20 INFO  Main:39 - We've found path [NumberVertex{number=0}, NumberVertex{number=2}, NumberVertex{number=4}, NumberVertex{number=6}, NumberVertex{number=8}, NumberVertex{number=1}]

2015-05-28 13:32:20 INFO  Main:41 - Lets try to create undirected graph and get path from it
2015-05-28 13:32:20 DEBUG GraphFactory:39 - createGraph method has been called type = com.pkokoshnikov.graph.UndirectedGraph
2015-05-28 13:32:20 INFO  Main:54 - UndirectedGraph has been created
UndirectedGraph{graphDataStructure=AdjacencyListDataStructure{
vertices=[NumberVertex{number=0}, NumberVertex{number=1}, NumberVertex{number=2}, NumberVertex{number=3}, NumberVertex{number=4}, NumberVertex{number=5}, NumberVertex{number=6}, NumberVertex{number=7}, NumberVertex{number=8}],
edges=[UndirectedEdge{u=NumberVertex{number=1}, v=NumberVertex{number=0}}, UndirectedEdge{u=NumberVertex{number=0}, v=NumberVertex{number=2}}, UndirectedEdge{u=NumberVertex{number=0}, v=NumberVertex{number=3}}, UndirectedEdge{u=NumberVertex{number=2}, v=NumberVertex{number=4}}, UndirectedEdge{u=NumberVertex{number=2}, v=NumberVertex{number=4}}, UndirectedEdge{u=NumberVertex{number=2}, v=NumberVertex{number=5}}, UndirectedEdge{u=NumberVertex{number=4}, v=NumberVertex{number=6}}, UndirectedEdge{u=NumberVertex{number=4}, v=NumberVertex{number=6}}, UndirectedEdge{u=NumberVertex{number=4}, v=NumberVertex{number=7}}, UndirectedEdge{u=NumberVertex{number=6}, v=NumberVertex{number=0}}, UndirectedEdge{u=NumberVertex{number=6}, v=NumberVertex{number=8}}, UndirectedEdge{u=NumberVertex{number=8}, v=NumberVertex{number=1}}]}}

2015-05-28 13:32:20 INFO  Main:56 - Now lets try to get path
2015-05-28 13:32:20 DEBUG AbstractGraph:51 - DFS start
2015-05-28 13:32:20 DEBUG AbstractGraph:81 - white vertices = [NumberVertex{number=1}, NumberVertex{number=2}, NumberVertex{number=3}, NumberVertex{number=6}]
2015-05-28 13:32:20 DEBUG AbstractGraph:81 - white vertices = [NumberVertex{number=8}]
2015-05-28 13:32:20 DEBUG AbstractGraph:81 - white vertices = [NumberVertex{number=6}]
2015-05-28 13:32:20 DEBUG AbstractGraph:81 - white vertices = [NumberVertex{number=4}, NumberVertex{number=4}]
2015-05-28 13:32:20 DEBUG AbstractGraph:81 - white vertices = [NumberVertex{number=2}, NumberVertex{number=2}, NumberVertex{number=7}]
2015-05-28 13:32:20 DEBUG AbstractGraph:81 - white vertices = [NumberVertex{number=5}]
2015-05-28 13:32:20 DEBUG AbstractGraph:81 - white vertices = []
2015-05-28 13:32:20 DEBUG AbstractGraph:81 - white vertices = []
2015-05-28 13:32:20 DEBUG AbstractGraph:77 - goal has been found NumberVertex{number=7}
2015-05-28 13:32:20 DEBUG AbstractGraph:85 - vertex has been added to path NumberVertex{number=7}
2015-05-28 13:32:20 DEBUG AbstractGraph:85 - vertex has been added to path NumberVertex{number=4}
2015-05-28 13:32:20 DEBUG AbstractGraph:85 - vertex has been added to path NumberVertex{number=6}
2015-05-28 13:32:20 DEBUG AbstractGraph:85 - vertex has been added to path NumberVertex{number=8}
2015-05-28 13:32:20 DEBUG AbstractGraph:85 - vertex has been added to path NumberVertex{number=1}
2015-05-28 13:32:20 DEBUG AbstractGraph:60 - DFS end, path = [NumberVertex{number=0}, NumberVertex{number=1}, NumberVertex{number=8}, NumberVertex{number=6}, NumberVertex{number=4}, NumberVertex{number=7}]
2015-05-28 13:32:20 INFO  Main:57 - We've found path [NumberVertex{number=0}, NumberVertex{number=1}, NumberVertex{number=8}, NumberVertex{number=6}, NumberVertex{number=4}, NumberVertex{number=7}]

2015-05-28 13:33:49 INFO  Main:28 - It is a simple test program

2015-05-28 13:33:49 INFO  Main:29 - Lets try to create directed graph and get path from it
2015-05-28 13:33:49 DEBUG GraphFactory:39 - createGraph method has been called type = com.pkokoshnikov.graph.DirectedGraph
2015-05-28 13:33:49 INFO  Main:36 - DirectedGraph has been created
DirectedGraph{graphDataStructure=AdjacencyListDataStructure{
vertices=[NumberVertex{number=0}, NumberVertex{number=1}, NumberVertex{number=2}, NumberVertex{number=3}, NumberVertex{number=4}, NumberVertex{number=5}, NumberVertex{number=6}, NumberVertex{number=7}, NumberVertex{number=8}],
edges=[DirectedEdge{start=NumberVertex{number=0}, end=NumberVertex{number=7}}, DirectedEdge{start=NumberVertex{number=1}, end=NumberVertex{number=0}}, DirectedEdge{start=NumberVertex{number=0}, end=NumberVertex{number=2}}, DirectedEdge{start=NumberVertex{number=0}, end=NumberVertex{number=3}}, DirectedEdge{start=NumberVertex{number=2}, end=NumberVertex{number=4}}, DirectedEdge{start=NumberVertex{number=2}, end=NumberVertex{number=5}}, DirectedEdge{start=NumberVertex{number=2}, end=NumberVertex{number=0}}, DirectedEdge{start=NumberVertex{number=4}, end=NumberVertex{number=6}}, DirectedEdge{start=NumberVertex{number=4}, end=NumberVertex{number=7}}, DirectedEdge{start=NumberVertex{number=6}, end=NumberVertex{number=0}}, DirectedEdge{start=NumberVertex{number=6}, end=NumberVertex{number=8}}, DirectedEdge{start=NumberVertex{number=8}, end=NumberVertex{number=1}}]}}

2015-05-28 13:33:49 INFO  Main:38 - Now lets try to get path
2015-05-28 13:33:49 DEBUG AbstractGraph:51 - DFS started , start = NumberVertex{number=0} goal =NumberVertex{number=1}
2015-05-28 13:33:49 DEBUG AbstractGraph:81 - white vertices = [NumberVertex{number=7}, NumberVertex{number=2}, NumberVertex{number=3}]
2015-05-28 13:33:49 DEBUG AbstractGraph:81 - white vertices = []
2015-05-28 13:33:49 DEBUG AbstractGraph:81 - white vertices = [NumberVertex{number=4}, NumberVertex{number=5}]
2015-05-28 13:33:49 DEBUG AbstractGraph:81 - white vertices = [NumberVertex{number=6}]
2015-05-28 13:33:49 DEBUG AbstractGraph:81 - white vertices = [NumberVertex{number=8}]
2015-05-28 13:33:49 DEBUG AbstractGraph:81 - white vertices = [NumberVertex{number=1}]
2015-05-28 13:33:49 DEBUG AbstractGraph:77 - goal found NumberVertex{number=1}
2015-05-28 13:33:49 DEBUG AbstractGraph:85 - vertex has been added to path NumberVertex{number=1}
2015-05-28 13:33:49 DEBUG AbstractGraph:85 - vertex has been added to path NumberVertex{number=8}
2015-05-28 13:33:49 DEBUG AbstractGraph:85 - vertex has been added to path NumberVertex{number=6}
2015-05-28 13:33:49 DEBUG AbstractGraph:85 - vertex has been added to path NumberVertex{number=4}
2015-05-28 13:33:49 DEBUG AbstractGraph:85 - vertex has been added to path NumberVertex{number=2}
2015-05-28 13:33:49 DEBUG AbstractGraph:60 - DFS ended, path = [NumberVertex{number=0}, NumberVertex{number=2}, NumberVertex{number=4}, NumberVertex{number=6}, NumberVertex{number=8}, NumberVertex{number=1}]
2015-05-28 13:33:49 INFO  Main:39 - We've found path [NumberVertex{number=0}, NumberVertex{number=2}, NumberVertex{number=4}, NumberVertex{number=6}, NumberVertex{number=8}, NumberVertex{number=1}]

2015-05-28 13:33:49 INFO  Main:41 - Lets try to create undirected graph and get path from it
2015-05-28 13:33:49 DEBUG GraphFactory:39 - createGraph method has been called type = com.pkokoshnikov.graph.UndirectedGraph
2015-05-28 13:33:49 INFO  Main:54 - UndirectedGraph has been created
UndirectedGraph{graphDataStructure=AdjacencyListDataStructure{
vertices=[NumberVertex{number=0}, NumberVertex{number=1}, NumberVertex{number=2}, NumberVertex{number=3}, NumberVertex{number=4}, NumberVertex{number=5}, NumberVertex{number=6}, NumberVertex{number=7}, NumberVertex{number=8}],
edges=[UndirectedEdge{u=NumberVertex{number=1}, v=NumberVertex{number=0}}, UndirectedEdge{u=NumberVertex{number=0}, v=NumberVertex{number=2}}, UndirectedEdge{u=NumberVertex{number=0}, v=NumberVertex{number=3}}, UndirectedEdge{u=NumberVertex{number=2}, v=NumberVertex{number=4}}, UndirectedEdge{u=NumberVertex{number=2}, v=NumberVertex{number=4}}, UndirectedEdge{u=NumberVertex{number=2}, v=NumberVertex{number=5}}, UndirectedEdge{u=NumberVertex{number=4}, v=NumberVertex{number=6}}, UndirectedEdge{u=NumberVertex{number=4}, v=NumberVertex{number=6}}, UndirectedEdge{u=NumberVertex{number=4}, v=NumberVertex{number=7}}, UndirectedEdge{u=NumberVertex{number=6}, v=NumberVertex{number=0}}, UndirectedEdge{u=NumberVertex{number=6}, v=NumberVertex{number=8}}, UndirectedEdge{u=NumberVertex{number=8}, v=NumberVertex{number=1}}]}}

2015-05-28 13:33:49 INFO  Main:56 - Now lets try to get path
2015-05-28 13:33:49 DEBUG AbstractGraph:51 - DFS started , start = NumberVertex{number=0} goal =NumberVertex{number=7}
2015-05-28 13:33:49 DEBUG AbstractGraph:81 - white vertices = [NumberVertex{number=1}, NumberVertex{number=2}, NumberVertex{number=3}, NumberVertex{number=6}]
2015-05-28 13:33:49 DEBUG AbstractGraph:81 - white vertices = [NumberVertex{number=8}]
2015-05-28 13:33:49 DEBUG AbstractGraph:81 - white vertices = [NumberVertex{number=6}]
2015-05-28 13:33:49 DEBUG AbstractGraph:81 - white vertices = [NumberVertex{number=4}, NumberVertex{number=4}]
2015-05-28 13:33:49 DEBUG AbstractGraph:81 - white vertices = [NumberVertex{number=2}, NumberVertex{number=2}, NumberVertex{number=7}]
2015-05-28 13:33:49 DEBUG AbstractGraph:81 - white vertices = [NumberVertex{number=5}]
2015-05-28 13:33:49 DEBUG AbstractGraph:81 - white vertices = []
2015-05-28 13:33:49 DEBUG AbstractGraph:81 - white vertices = []
2015-05-28 13:33:49 DEBUG AbstractGraph:77 - goal found NumberVertex{number=7}
2015-05-28 13:33:49 DEBUG AbstractGraph:85 - vertex has been added to path NumberVertex{number=7}
2015-05-28 13:33:49 DEBUG AbstractGraph:85 - vertex has been added to path NumberVertex{number=4}
2015-05-28 13:33:49 DEBUG AbstractGraph:85 - vertex has been added to path NumberVertex{number=6}
2015-05-28 13:33:49 DEBUG AbstractGraph:85 - vertex has been added to path NumberVertex{number=8}
2015-05-28 13:33:49 DEBUG AbstractGraph:85 - vertex has been added to path NumberVertex{number=1}
2015-05-28 13:33:49 DEBUG AbstractGraph:60 - DFS ended, path = [NumberVertex{number=0}, NumberVertex{number=1}, NumberVertex{number=8}, NumberVertex{number=6}, NumberVertex{number=4}, NumberVertex{number=7}]
2015-05-28 13:33:49 INFO  Main:57 - We've found path [NumberVertex{number=0}, NumberVertex{number=1}, NumberVertex{number=8}, NumberVertex{number=6}, NumberVertex{number=4}, NumberVertex{number=7}]

2015-05-28 13:40:04 INFO  Main:28 - It is a simple test program

2015-05-28 13:40:04 INFO  Main:29 - Lets try to create directed graph and get path from it
2015-05-28 13:40:05 INFO  Main:36 - DirectedGraph has been created
DirectedGraph{graphDataStructure=AdjacencyListDataStructure{
vertices=[NumberVertex{number=0}, NumberVertex{number=1}, NumberVertex{number=2}, NumberVertex{number=3}, NumberVertex{number=4}, NumberVertex{number=5}, NumberVertex{number=6}, NumberVertex{number=7}, NumberVertex{number=8}],
edges=[DirectedEdge{start=NumberVertex{number=0}, end=NumberVertex{number=7}}, DirectedEdge{start=NumberVertex{number=1}, end=NumberVertex{number=0}}, DirectedEdge{start=NumberVertex{number=0}, end=NumberVertex{number=2}}, DirectedEdge{start=NumberVertex{number=0}, end=NumberVertex{number=3}}, DirectedEdge{start=NumberVertex{number=2}, end=NumberVertex{number=4}}, DirectedEdge{start=NumberVertex{number=2}, end=NumberVertex{number=5}}, DirectedEdge{start=NumberVertex{number=2}, end=NumberVertex{number=0}}, DirectedEdge{start=NumberVertex{number=4}, end=NumberVertex{number=6}}, DirectedEdge{start=NumberVertex{number=4}, end=NumberVertex{number=7}}, DirectedEdge{start=NumberVertex{number=6}, end=NumberVertex{number=0}}, DirectedEdge{start=NumberVertex{number=6}, end=NumberVertex{number=8}}, DirectedEdge{start=NumberVertex{number=8}, end=NumberVertex{number=1}}]}}

2015-05-28 13:40:05 INFO  Main:38 - Now lets try to get path
2015-05-28 13:40:05 INFO  Main:39 - We've found path [NumberVertex{number=0}, NumberVertex{number=2}, NumberVertex{number=4}, NumberVertex{number=6}, NumberVertex{number=8}, NumberVertex{number=1}]

2015-05-28 13:40:05 INFO  Main:41 - Lets try to create undirected graph and get path from it
2015-05-28 13:40:05 INFO  Main:54 - UndirectedGraph has been created
UndirectedGraph{graphDataStructure=AdjacencyListDataStructure{
vertices=[NumberVertex{number=0}, NumberVertex{number=1}, NumberVertex{number=2}, NumberVertex{number=3}, NumberVertex{number=4}, NumberVertex{number=5}, NumberVertex{number=6}, NumberVertex{number=7}, NumberVertex{number=8}],
edges=[UndirectedEdge{u=NumberVertex{number=1}, v=NumberVertex{number=0}}, UndirectedEdge{u=NumberVertex{number=0}, v=NumberVertex{number=2}}, UndirectedEdge{u=NumberVertex{number=0}, v=NumberVertex{number=3}}, UndirectedEdge{u=NumberVertex{number=2}, v=NumberVertex{number=4}}, UndirectedEdge{u=NumberVertex{number=2}, v=NumberVertex{number=4}}, UndirectedEdge{u=NumberVertex{number=2}, v=NumberVertex{number=5}}, UndirectedEdge{u=NumberVertex{number=4}, v=NumberVertex{number=6}}, UndirectedEdge{u=NumberVertex{number=4}, v=NumberVertex{number=6}}, UndirectedEdge{u=NumberVertex{number=4}, v=NumberVertex{number=7}}, UndirectedEdge{u=NumberVertex{number=6}, v=NumberVertex{number=0}}, UndirectedEdge{u=NumberVertex{number=6}, v=NumberVertex{number=8}}, UndirectedEdge{u=NumberVertex{number=8}, v=NumberVertex{number=1}}]}}

2015-05-28 13:40:05 INFO  Main:56 - Now lets try to get path
2015-05-28 13:40:05 INFO  Main:57 - We've found path [NumberVertex{number=0}, NumberVertex{number=1}, NumberVertex{number=8}, NumberVertex{number=6}, NumberVertex{number=4}, NumberVertex{number=7}]

2015-05-28 13:41:53 DEBUG GraphFactory:39 - createGraph method has been called type = com.pkokoshnikov.graph.DirectedGraph
2015-05-28 13:41:53 DEBUG AbstractGraph:51 - DFS started , start = NumberVertex{number=0} goal =NumberVertex{number=1}
2015-05-28 13:41:54 DEBUG AbstractGraph:75 - white vertices = [NumberVertex{number=7}, NumberVertex{number=2}, NumberVertex{number=3}]
2015-05-28 13:41:54 DEBUG AbstractGraph:75 - white vertices = []
2015-05-28 13:41:54 DEBUG AbstractGraph:75 - white vertices = [NumberVertex{number=4}, NumberVertex{number=5}]
2015-05-28 13:41:54 DEBUG AbstractGraph:75 - white vertices = [NumberVertex{number=6}]
2015-05-28 13:41:54 DEBUG AbstractGraph:75 - white vertices = [NumberVertex{number=8}]
2015-05-28 13:41:54 DEBUG AbstractGraph:75 - white vertices = [NumberVertex{number=1}]
2015-05-28 13:41:54 DEBUG AbstractGraph:75 - white vertices = []
2015-05-28 13:41:54 DEBUG AbstractGraph:78 - goal found NumberVertex{number=1}
2015-05-28 13:41:54 DEBUG AbstractGraph:85 - vertex has been added to path NumberVertex{number=1}
2015-05-28 13:41:54 DEBUG AbstractGraph:85 - vertex has been added to path NumberVertex{number=8}
2015-05-28 13:41:54 DEBUG AbstractGraph:85 - vertex has been added to path NumberVertex{number=6}
2015-05-28 13:41:54 DEBUG AbstractGraph:85 - vertex has been added to path NumberVertex{number=4}
2015-05-28 13:41:54 DEBUG AbstractGraph:85 - vertex has been added to path NumberVertex{number=2}
2015-05-28 13:41:54 DEBUG AbstractGraph:60 - DFS ended, path = [NumberVertex{number=0}, NumberVertex{number=2}, NumberVertex{number=4}, NumberVertex{number=6}, NumberVertex{number=8}, NumberVertex{number=1}]
2015-05-28 13:41:54 DEBUG GraphFactory:39 - createGraph method has been called type = com.pkokoshnikov.graph.UndirectedGraph
2015-05-28 13:41:54 DEBUG AbstractGraph:51 - DFS started , start = NumberVertex{number=0} goal =NumberVertex{number=7}
2015-05-28 13:41:54 DEBUG AbstractGraph:75 - white vertices = [NumberVertex{number=1}, NumberVertex{number=2}, NumberVertex{number=3}, NumberVertex{number=6}]
2015-05-28 13:41:54 DEBUG AbstractGraph:75 - white vertices = [NumberVertex{number=8}]
2015-05-28 13:41:54 DEBUG AbstractGraph:75 - white vertices = [NumberVertex{number=6}]
2015-05-28 13:41:54 DEBUG AbstractGraph:75 - white vertices = [NumberVertex{number=4}, NumberVertex{number=4}]
2015-05-28 13:41:54 DEBUG AbstractGraph:75 - white vertices = [NumberVertex{number=2}, NumberVertex{number=2}, NumberVertex{number=7}]
2015-05-28 13:41:54 DEBUG AbstractGraph:75 - white vertices = [NumberVertex{number=5}]
2015-05-28 13:41:54 DEBUG AbstractGraph:75 - white vertices = []
2015-05-28 13:41:54 DEBUG AbstractGraph:75 - white vertices = []
2015-05-28 13:41:54 DEBUG AbstractGraph:75 - white vertices = []
2015-05-28 13:41:54 DEBUG AbstractGraph:78 - goal found NumberVertex{number=7}
2015-05-28 13:41:54 DEBUG AbstractGraph:85 - vertex has been added to path NumberVertex{number=7}
2015-05-28 13:41:54 DEBUG AbstractGraph:85 - vertex has been added to path NumberVertex{number=4}
2015-05-28 13:41:54 DEBUG AbstractGraph:85 - vertex has been added to path NumberVertex{number=6}
2015-05-28 13:41:54 DEBUG AbstractGraph:85 - vertex has been added to path NumberVertex{number=8}
2015-05-28 13:41:54 DEBUG AbstractGraph:85 - vertex has been added to path NumberVertex{number=1}
2015-05-28 13:41:54 DEBUG AbstractGraph:60 - DFS ended, path = [NumberVertex{number=0}, NumberVertex{number=1}, NumberVertex{number=8}, NumberVertex{number=6}, NumberVertex{number=4}, NumberVertex{number=7}]
